ncverilog: 11.10-p001: (c) Copyright 1995-2011 Cadence Design Systems, Inc.
TOOL:	ncverilog	11.10-p001: Started on Apr 22, 2013 at 19:54:54 IDT
ncverilog
	+access+rw
	halfadder_tb.v
	halfadder.v
file: halfadder.v
	module worklib.halfadder:v
		errors: 0, warnings: 0
		Caching library 'worklib' ....... Done
	Elaborating the design hierarchy:
	Building instance overlay tables: .................... Done
	Generating native compiled code:
		worklib.main:v <0x64158a4b>
			streams:   4, words:  2938
	Loading native compiled code:     .................... Done
	Building instance specific data structures.
	Design hierarchy summary:
		             Instances  Unique
		Modules:             2       2
		Primitives:          2       2
		Registers:           2       2
		Scalar wires:        2       -
		Always blocks:       1       1
		Initial blocks:      1       1
		Pseudo assignments:  2       2
	Writing initial simulation snapshot: worklib.main:v
Loading snapshot worklib.main:v .................... Done
ncsim> source /home/cadence/tools/INCISIV/11.1/tools/inca/files/ncsimrc
ncsim> run
time=                   0:0 + 0 = 0, carry = 0

time=                   5:0 + 1 = 1, carry = 0

time=                  15:1 + 1 = 0, carry = 1

Simulation complete via $finish(1) at time 20 NS + 0
./halfadder_tb.v:23 $finish;
ncsim> exit
TOOL:	ncverilog	11.10-p001: Exiting on Apr 22, 2013 at 19:54:56 IDT  (total: 00:00:02)
